<?xml version="1.0" encoding="UTF-8"?>
<!--

    Unless explicitly acquired and licensed from Licensor under another license, the contents of
    this file are subject to the Reciprocal Public License ("RPL") Version 1.5, or subsequent
    versions as allowed by the RPL, and You may not copy or use this file in either source code
    or executable form, except in compliance with the terms and conditions of the RPL

    All software distributed under the RPL is provided strictly on an "AS IS" basis, WITHOUT
    WARRANTY OF ANY KIND, EITHER EXPRESS OR IMPLIED, AND LICENSOR HEREBY DISCLAIMS ALL SUCH
    WARRANTIES, INCLUDING WITHOUT LIMITATION, ANY WARRANTIES OF MERCHANTABILITY, FITNESS FOR A
    PARTICULAR PURPOSE, QUIET ENJOYMENT, OR NON-INFRINGEMENT. See the RPL for specific language
    governing rights and limitations under the RPL.

    http://opensource.org/licenses/RPL-1.5

    Copyright 2012-2017 Open Justice Broker Consortium

-->
<beans xmlns="http://www.springframework.org/schema/beans"
	xmlns:xsi="http://www.w3.org/2001/XMLSchema-instance"
	xmlns:jdbc="http://www.springframework.org/schema/jdbc"
	xmlns:util="http://www.springframework.org/schema/util"
	xsi:schemaLocation="
       http://www.springframework.org/schema/beans http://www.springframework.org/schema/beans/spring-beans.xsd
       http://www.springframework.org/schema/jdbc http://www.springframework.org/schema/jdbc/spring-jdbc.xsd
       http://www.springframework.org/schema/util http://www.springframework.org/schema/util/spring-util-3.0.xsd
       ">

	<bean id="subscriptionMigrationProcessor" class="org.ojbc.intermediaries.sn.migration.SubscriptionMigrationProcessor">
<!-- 		<property name="defaultSubscriptionMigrationOri" value="defaultORI"/> -->
		<property name="defaultAgencyProfileState" value="VT"/>
		<property name="subscriptionSearchQueryDAO" ref="subscriptionSearchQueryDAO"/>
		<property name="subscriptionOwnerPrefix" value="MAINE:IDP:SOM:USER:"></property>
		<property name="pathToOriLookupFile" value="src/test/resources/csv/subscriptionMigration/email_address_to_ori.csv"/>		
	</bean>

    <bean id="subscriptionSearchQueryDAO" class="org.ojbc.intermediaries.sn.dao.SubscriptionSearchQueryDAO">
        <property name="dataSource" ref="dataSource"/>
		<property name="fbiSubscriptionMember" value="true"/>
    </bean>
    
    <bean id="subscriptionValidationMessageProcessor" class="org.ojbc.intermediaries.sn.subscription.SubscriptionValidationMessageProcessor">
        <property name="subscriptionSearchQueryDAO" ref="subscriptionSearchQueryDAO"/>
        <property name="validationDueDateStrategy" ref="subscriptionCategoryValidationDueDateStrategy"/>
        <property name="subscriptionActionAuditProcessor" ref="subscriptionActionNullObjectProcessor"/>
    </bean>

    <bean id="subscriptionActionNullObjectProcessor" class="org.ojbc.audit.enhanced.processor.SubscriptionActionNullObjectProcessor">
    	<property name="userInfoProcessor" ref="userInfoNullObjectProcessor"/>
    </bean>
    
    <bean id="userInfoNullObjectProcessor" class="org.ojbc.audit.enhanced.processor.UserInfoNullObjectProcessor"/>

	<bean id="subscriptionCategoryValidationDueDateStrategy" class="org.ojbc.intermediaries.sn.dao.SubscriptionCategoryValidationDueDateStrategy"/>

    <bean id="dataSource" class="org.springframework.jdbc.datasource.DriverManagerDataSource">
		<property name="driverClassName" value="org.h2.jdbcx.JdbcDataSource" />
		<property name="url" value="jdbc:h2:mem:rapback-datastore" />
		<property name="username" value="sa" />
	</bean>

    <bean id="dataSourceAudit" class="org.springframework.jdbc.datasource.DriverManagerDataSource">
		<property name="driverClassName" value="org.h2.jdbcx.JdbcDataSource" />
		<property name="url" value="jdbc:h2:mem:enhanced-auditlog" />
		<property name="username" value="sa" />
	</bean>
    
    <bean id="arrestNotificationProcessor"
		class="org.ojbc.intermediaries.sn.topic.arrest.ArrestNotificationProcessor">
		<property name="subscriptionSearchQueryDAO" ref="subscriptionSearchQueryDAO" />
		<property name="notificationFilterStrategy" ref="duplicateNotificationFilterStrategy"/>
		<property name="emailEnhancementStrategy" ref="emailEnhancementStrategy"/>
		<property name="consolidateEmailAddresses" value="true"/>
		<property name="emailFormatter" ref="velocityTemplateEmailFormatter"/>
	</bean>
	
	<bean id="incidentNotificationProcessor"
		class="org.ojbc.intermediaries.sn.topic.incident.IncidentNotificationProcessor">
		<property name="subscriptionSearchQueryDAO" ref="subscriptionSearchQueryDAO" />
		<property name="notificationFilterStrategy" ref="duplicateNotificationFilterStrategy"/>
		<property name="emailEnhancementStrategy" ref="emailEnhancementStrategy"/>
		<property name="consolidateEmailAddresses" value="true"/>
		<property name="emailFormatter" ref="velocityTemplateEmailFormatter"/>
	</bean>

	<bean id="vehicleCrashNotificationProcessor"
		class="org.ojbc.intermediaries.sn.topic.vehicleCrash.VehicleCrashNotificationProcessor">
		<property name="subscriptionSearchQueryDAO" ref="subscriptionSearchQueryDAO" />
		<property name="notificationFilterStrategy" ref="duplicateNotificationFilterStrategy"/>
		<property name="emailEnhancementStrategy" ref="emailEnhancementStrategy"/>
		<property name="consolidateEmailAddresses" value="true"/>
		<property name="emailFormatter" ref="velocityTemplateEmailFormatter"/>
	</bean>
		
	<bean id="chCycleNotificationProcessor"
		class="org.ojbc.intermediaries.sn.topic.chcycle.ChCycleNotificationProcessor">
		<property name="subscriptionSearchQueryDAO" ref="subscriptionSearchQueryDAO" />
		<property name="notificationFilterStrategy" ref="duplicateNotificationFilterStrategy"/>
		<property name="emailEnhancementStrategy" ref="emailEnhancementStrategy"/>
		<property name="consolidateEmailAddresses" value="true"/>
		<property name="emailFormatter" ref="velocityTemplateEmailFormatter"/>
	</bean>			

	<bean id="duplicateNotificationFilterStrategy" class="org.ojbc.intermediaries.sn.notification.filter.DuplicateNotificationFilterStrategy">
		<property name="dataSource" ref="dataSource" />
	</bean>
	
	<util:map map-class="java.util.HashMap" id="cc-map">
		<!-- If you add new test data, you'll need to add the email addys to the whitelist or they won't produce notifications -->
		<entry key="po1@localhost" value="sup@localhost" />
		<entry key="po2@localhost" value="sup@localhost" />
		<entry key="po3@localhost" value="sup@localhost" />
		<entry key="po4@localhost" value="sup@localhost" />
		<entry key="po5@localhost" value="sup@localhost" />
		<entry key="po6@localhost" value="sup@localhost" />
	</util:map>

	<bean id="whitelist-set" factory-bean="cc-map" factory-method="keySet" />
	
	<bean id="emailEnhancementStrategy" class="org.ojbc.intermediaries.sn.notification.CompositeEmailEnhancementStrategy">
		<property name="compositeStrategy" ref="emailEnhancementStrategyList"/>
	</bean>
	
	<util:list id="emailEnhancementStrategyList">
		<bean class="org.ojbc.intermediaries.sn.notification.WhitelistFilteringEmailEnhancementStrategy">
			<property name="whitelist" ref="whitelist-set"/>
		</bean>
		<bean class="org.ojbc.intermediaries.sn.notification.CCLookupEmailEnhancementStrategy">
			<property name="ccLookupMap" ref="cc-map"/>
		</bean>
		<bean class="org.ojbc.intermediaries.sn.notification.StaticBCCEmailEnhancementStrategy">
			<property name="bccAddress" value="${publishSubscribe.bcc}"/>
		</bean>
	</util:list>
	
   
   <bean id="velocityTemplateEmailFormatter" class="org.ojbc.intermediaries.sn.notification.VelocityTemplateEmailFormatter">
		<property name="systemIdentifierToDescriptorMap" ref="systemIdentifierToDescriptorMap"/>
		<property name="defaultEmailTemplate" ref="defaultEmailFormatter"/>
		<property name="topicSystemTemplateMap">
			<util:map>
				<entry key="{http://ojbc.org/wsn/topics}:person/arrest">
					<util:map key-type="org.ojbc.intermediaries.sn.notification.NotificationFormatKey">
						<entry key-ref="defaultSystemNotificationFormatKey" value-ref="defaultArrestEmailFormatter"/>
						<entry key-ref="nonCriminalJusticeSystemNotificationFormatKey" value-ref="nonCriminalJusticeEmailFormatter"/>
					</util:map>
				</entry>
				<entry key="{http://ojbc.org/wsn/topics}:person/incident">
					<util:map key-type="org.ojbc.intermediaries.sn.notification.NotificationFormatKey">
						<entry key-ref="defaultSystemNotificationFormatKey" value-ref="defaultIncidentEmailFormatter"/>
					</util:map>
				</entry>
				<entry key="{http://ojbc.org/wsn/topics}:person/criminalHistoryCycleTrackingIdentifierAssignment">
					<util:map key-type="org.ojbc.intermediaries.sn.notification.NotificationFormatKey">
						<entry key-ref="defaultSystemNotificationFormatKey" value-ref="defaultChCycleEmailFormatter"/>
					</util:map>
				</entry>
				<entry key="{http://ojbc.org/wsn/topics}:person/vehicleCrash">
					<util:map key-type="org.ojbc.intermediaries.sn.notification.NotificationFormatKey">
						<entry key-ref="defaultSystemNotificationFormatKey" value-ref="defaultVehicleCrashEmailFormatter"/>
					</util:map>
				</entry>
			</util:map>
		</property>
	</bean>
	
	<bean id="defaultSystemNotificationFormatKey" class="org.ojbc.intermediaries.sn.notification.NotificationFormatKey">
		<property name="subscribingSystemName" value="{http://ojbc.org/OJB/Subscriptions/1.0}DefaultSystem"/>
		<property name="subscriptionCategoryCode" value="default"/>
		<property name="notifyingSystemName" value="{http://ojbc.org/OJB/Subscriptions/1.0}DefaultSystem"/>
	</bean>

	<bean id="nonCriminalJusticeSystemNotificationFormatKey" class="org.ojbc.intermediaries.sn.notification.NotificationFormatKey">
		<property name="subscribingSystemName" value="{http://demostate.gov/SystemNames/1.0}SystemA"/>
		<property name="subscriptionCategoryCode" value="I"/>
		<property name="notifyingSystemName" value="http://www.hawaii.gov/arrestNotificationProducer"/>
	</bean>
	
	<bean id="nonCriminalJusticeEmailFormatter" class="org.ojbc.intermediaries.sn.notification.VelocityTemplateEmailFormatter$EmailTemplate">
		<property name="emailSubjectTemplate">
			<value>Non Criminal Justice Notification [Subject $emailNotification.subjectName]</value>
		</property>
		<property name="emailBodyTemplate">
			<value>An event occurred for [Subject $emailNotification.subjectName]. Contact their employer.</value>
		</property>
	</bean>	
	
	<bean id="defaultArrestEmailFormatter" class="org.ojbc.intermediaries.sn.notification.VelocityTemplateEmailFormatter$EmailTemplate">
		<property name="emailSubjectTemplate">
			<value>Arrest Notification [Subject $emailNotification.subjectName]</value>
		</property>
		<property name="emailBodyTemplate">
			<value><![CDATA[Booking Name: $emailNotification.notificationRequest.personBookingName<br/>Name in $subscribingSystemDescriptor: $emailNotification.subjectName<br/>
SID: $emailNotification.notificationRequest.subjectIdentifiers.get("SID")<br/>
DATE/TIME OF BOOKING: $emailNotification.notificationRequest.bookingDateTimeDisplay<br/>
ARRESTING AGENCY: $emailNotification.notificationRequest.notifyingAgencyName<br/>ATTORNEY GENERAL CASE: $emailNotification.notificationRequest.attorneyGeneralIndicator<br/>
ARREST CHARGES:<br/>
#foreach ($chargeString in $emailNotification.notificationRequest.arrestCharges)
$chargeString<br/>
#end
<br/><br/>Positively identified by fingerprint.]]></value>
		</property>
	</bean>
       
    <bean id="defaultChCycleEmailFormatter" class="org.ojbc.intermediaries.sn.notification.VelocityTemplateEmailFormatter$EmailTemplate">
		<property name="emailSubjectTemplate">
			<value>CH Cycle Notification [Subject $emailNotification.subjectName]</value>
		</property>
		<property name="emailBodyTemplate">
			<value><![CDATA[$emailNotification.notificationRequest.notifyingAgencyName requested an Arrest Tracking Number(ATN) for $emailNotification.notificationRequest.personFullName on $emailNotification.notificationRequest.eventDateTimeDisplay]]></value>
		</property>
	</bean>
       
    <bean id="defaultIncidentEmailFormatter" class="org.ojbc.intermediaries.sn.notification.VelocityTemplateEmailFormatter$EmailTemplate">
		<property name="emailSubjectTemplate">
			<value>Incident Notification [Subject $emailNotification.subjectName]</value>
		</property>
		<property name="emailBodyTemplate">
			<value><![CDATA[An individual for whom you have subscribed to be notified was involved in an incident documented by the following law enforcement agency:<br/>
$emailNotification.notificationRequest.notifyingAgencyName<br/>
Incident Date/Time: $emailNotification.notificationRequest.incidentDateTimeDisplay<br/>
Incident Report #:$emailNotification.notificationRequest.notificationEventIdentifier <br/>
Subject Name: $emailNotification.notificationRequest.personNotificationSubjectName<br/>
Subject date of birth:$emailNotification.notificationRequest.subjectIdentifiers.get("dateOfBirth")<br/>
#set ($role = $emailNotification.notificationRequest.personActivityInvolvementText)
#if ($role && $role != "")
Role: $role<br/>
#end
#foreach ($offenseString in $emailNotification.notificationRequest.offenseStrings)
$offenseString<br/>
#end
#foreach ($officerNameString in $emailNotification.notificationRequest.officerNames)
Officer: $officerNameString<br/>
#end
To follow up on this incident, please call $emailNotification.notificationRequest.notifyingAgencyName.]]></value>
		</property>
	</bean>
	
    <bean id="defaultVehicleCrashEmailFormatter" class="org.ojbc.intermediaries.sn.notification.VelocityTemplateEmailFormatter$EmailTemplate">
		<property name="emailSubjectTemplate">
			<value>Vehicle Crash Notification [Subject $emailNotification.subjectName]</value>
		</property>
		<property name="emailBodyTemplate">
			<value><![CDATA[The following individual, to who, you are subscribed, was involved in a vehicle crash. Details outlined below :
<br/>
Crash Location: $emailNotification.notificationRequest.crashLocation<br/>
Crash Date/Time: $emailNotification.notificationRequest.crashDateTimeDisplay<br/>
<br/>
Subject Name: $emailNotification.notificationRequest.personNotificationSubjectName<br/>
Subject DOB:$emailNotification.notificationRequest.subjectIdentifiers.get("dateOfBirth")<br/>
#set ($role = $emailNotification.notificationRequest.personActivityInvolvementText)
#if ($role && $role != "")
Subject Role: $role<br/>
#end
Agency: Maine $emailNotification.notificationRequest.notifyingAgencyName
#foreach ($officerNameString in $emailNotification.notificationRequest.officerNames)
Officer: $officerNameString<br/>
#end
Citation #:$emailNotification.notificationRequest.notificationEventIdentifier <br/>
If you require more information, please utilize the Federated Query Tool – https://ojbc.maine.gov/ojb-web-portal/portal/index or call Maine State Police]]></value>
		</property>
	</bean>		

	<bean id="defaultEmailFormatter" class="org.ojbc.intermediaries.sn.notification.VelocityTemplateEmailFormatter$EmailTemplate">
		<property name="emailSubjectTemplate">
			<value>Default Notification [Subject $emailNotification.subjectName]</value>
		</property>
		<property name="emailBodyTemplate">
			<value>An unknown event occurred for [Subject $emailNotification.subjectName]. Contact an administrator.</value>
		</property>
	</bean>
       
	<util:map id="systemIdentifierToDescriptorMap">
		<entry key="{http://demostate.gov/SystemNames/1.0}SystemA" value="Parole case information" />
		<entry key="{http://demostate.gov/SystemNames/1.0}SystemB" value="Probation case information" />
		<entry key="{http://ojbc.org/OJB_Portal/Subscriptions/1.0}OJB" value="Subscription" />
		<entry key="{http://ojbc.org}ProbationChCyleTrackingID" value="Probation Cycle Information" />
	</util:map>

	<bean id="rapbackDao" class="org.ojbc.intermediaries.sn.dao.rapback.FbiRapbackDao">		
		<property name="jdbcTemplate" ref="jdbcTemplate"/>
		<property name="namedParameterJdbcTemplate" ref="namedParameterJdbcTemplate"/>	
	</bean>
	
	<bean id="auditDAOImpl" class="org.ojbc.intermediaries.sn.dao.audit.AuditDAOImpl">		
		<property name="jdbcTemplateAudit" ref="jdbcTemplateAudit"/>
	</bean>
	
	<bean id="expiringSubscriptionsManager" class="org.ojbc.intermediaries.sn.notification.ExpiringSubscriptionsManager">
		<property name="warningDaysBeforeExpiration" value="45"/>
		<property name="subscriptionSearchQueryDAO" ref="subscriptionSearchQueryDAO" />
	</bean>		
	
	<bean id="namedParameterJdbcTemplate" 
      class="org.springframework.jdbc.core.namedparam.NamedParameterJdbcTemplate">
 	   <constructor-arg ref="dataSource"/>
	</bean>
	
	<bean id="jdbcTemplate" class="org.springframework.jdbc.core.JdbcTemplate">
 	   <constructor-arg ref="dataSource"/>
	</bean>

	<bean id="jdbcTemplateAudit" class="org.springframework.jdbc.core.JdbcTemplate">
 	   <constructor-arg ref="dataSourceAudit"/>
	</bean>

</beans>
